[2018/03/29 11:22:54 CST] [DEBG] (aliens/module/gate/internal.(*NetworkManager).dealAuthTimeout:63) network auth timeout : 192.168.0.104:55672
[2018/03/29 19:10:11 CST] [DEBG] (aliens/module/gate/internal.(*network).HandleMessage:52) type.googleapis.com/scene.SceneRequest
[2018/03/29 19:26:56 CST] [DEBG] (aliens/module/gate/internal.(*network).HandleMessage:56) handle service error : invalid request type
[2018/03/30 10:13:45 CST] [DEBG] (aliens/module/gate/internal.(*network).HandleMessage:54) handle service error : invalid service
[2018/03/30 10:13:52 CST] [DEBG] (aliens/module/gate/internal.(*network).HandleMessage:54) handle service error : invalid service
[2018/03/30 10:14:21 CST] [DEBG] (aliens/module/gate/internal.(*network).HandleMessage:54) handle service error : invalid service
[2018/03/30 10:14:42 CST] [DEBG] (aliens/module/gate/internal.(*network).HandleMessage:54) handle service error : invalid service
[2018/03/30 10:19:15 CST] [DEBG] (aliens/module/gate/internal.(*network).HandleMessage:54) handle service error : rpc error: code = Internal desc = transport is closing
[2018/03/30 11:39:23 CST] [DEBG] (aliens/module/gate/internal.(*network).HandleMessage:57) handle service error : invalid service
[2018/03/30 11:43:27 CST] [DEBG] (aliens/module/gate/internal.(*network).HandleMessage:57) handle service error : invalid service
[2018/03/30 15:11:14 CST] [DEBG] (aliens/config.LoadConfig:27) json init 0xc42000c080
[2018/03/30 15:13:35 CST] [DEBG] (aliens/config.LoadConfig:27) json init 0xc4200785a0
[2018/03/30 15:27:36 CST] [DEBG] (aliens/config.LoadConfig:27) json init 0xc4200785a0
[2018/03/30 16:13:36 CST] [DEBG] (aliens/config.LoadConfig:27) json init 0xc4200785a0
[2018/03/30 16:14:22 CST] [DEBG] (aliens/module/gate/internal.(*network).HandleMessage:43) rpc error: code = Internal desc = transport is closing
[2018/03/31 09:39:18 CST] [DEBG] (aliens/config.LoadConfig:27) json init 0xc42000c080
[2018/03/31 19:49:58 CST] [INFO] (aliens/mmorpg/aoi.(*tower).init:17) tower init 0-0
[2018/03/31 19:49:58 CST] [INFO] (aliens/mmorpg/aoi.(*tower).init:17) tower init 0-1
[2018/03/31 19:49:58 CST] [INFO] (aliens/mmorpg/aoi.(*tower).init:17) tower init 0-2
[2018/03/31 19:49:58 CST] [INFO] (aliens/mmorpg/aoi.(*tower).init:17) tower init 0-3
[2018/03/31 19:49:58 CST] [INFO] (aliens/mmorpg/aoi.(*tower).init:17) tower init 1-0
[2018/03/31 19:49:58 CST] [INFO] (aliens/mmorpg/aoi.(*tower).init:17) tower init 1-1
[2018/03/31 19:49:58 CST] [INFO] (aliens/mmorpg/aoi.(*tower).init:17) tower init 1-2
[2018/03/31 19:49:58 CST] [INFO] (aliens/mmorpg/aoi.(*tower).init:17) tower init 1-3
[2018/03/31 19:49:58 CST] [INFO] (aliens/mmorpg/aoi.(*tower).init:17) tower init 2-0
[2018/03/31 19:49:58 CST] [INFO] (aliens/mmorpg/aoi.(*tower).init:17) tower init 2-1
[2018/03/31 19:49:58 CST] [INFO] (aliens/mmorpg/aoi.(*tower).init:17) tower init 2-2
[2018/03/31 19:49:58 CST] [INFO] (aliens/mmorpg/aoi.(*tower).init:17) tower init 2-3
[2018/03/31 19:49:58 CST] [INFO] (aliens/mmorpg/aoi.(*tower).init:17) tower init 3-0
[2018/03/31 19:49:58 CST] [INFO] (aliens/mmorpg/aoi.(*tower).init:17) tower init 3-1
[2018/03/31 19:49:58 CST] [INFO] (aliens/mmorpg/aoi.(*tower).init:17) tower init 3-2
[2018/03/31 19:49:58 CST] [INFO] (aliens/mmorpg/aoi.(*tower).init:17) tower init 3-3
[2018/03/31 19:49:58 CST] [INFO] (aliens/mmorpg/aoi.(*tower).init:17) tower init 4-0
[2018/03/31 19:49:58 CST] [INFO] (aliens/mmorpg/aoi.(*tower).init:17) tower init 4-1
[2018/03/31 19:49:58 CST] [INFO] (aliens/mmorpg/aoi.(*tower).init:17) tower init 4-2
[2018/03/31 19:49:58 CST] [INFO] (aliens/mmorpg/aoi.(*tower).init:17) tower init 4-3
[2018/03/31 19:50:16 CST] [DEBG] (aliens/config.LoadConfig:27) json init 0xc4200785a0
[2018/03/31 19:57:11 CST] [INFO] (aliens/mmorpg/aoi.(*tower).init:17) tower init 0-0
[2018/03/31 19:57:11 CST] [INFO] (aliens/mmorpg/aoi.(*tower).init:17) tower init 0-1
[2018/03/31 19:57:11 CST] [INFO] (aliens/mmorpg/aoi.(*tower).init:17) tower init 0-2
[2018/03/31 19:57:11 CST] [INFO] (aliens/mmorpg/aoi.(*tower).init:17) tower init 0-3
[2018/03/31 19:57:11 CST] [INFO] (aliens/mmorpg/aoi.(*tower).init:17) tower init 1-0
[2018/03/31 19:57:11 CST] [INFO] (aliens/mmorpg/aoi.(*tower).init:17) tower init 1-1
[2018/03/31 19:57:11 CST] [INFO] (aliens/mmorpg/aoi.(*tower).init:17) tower init 1-2
[2018/03/31 19:57:11 CST] [INFO] (aliens/mmorpg/aoi.(*tower).init:17) tower init 1-3
[2018/03/31 19:57:11 CST] [INFO] (aliens/mmorpg/aoi.(*tower).init:17) tower init 2-0
[2018/03/31 19:57:11 CST] [INFO] (aliens/mmorpg/aoi.(*tower).init:17) tower init 2-1
[2018/03/31 19:57:11 CST] [INFO] (aliens/mmorpg/aoi.(*tower).init:17) tower init 2-2
[2018/03/31 19:57:11 CST] [INFO] (aliens/mmorpg/aoi.(*tower).init:17) tower init 2-3
[2018/03/31 19:57:11 CST] [INFO] (aliens/mmorpg/aoi.(*tower).init:17) tower init 3-0
[2018/03/31 19:57:11 CST] [INFO] (aliens/mmorpg/aoi.(*tower).init:17) tower init 3-1
[2018/03/31 19:57:11 CST] [INFO] (aliens/mmorpg/aoi.(*tower).init:17) tower init 3-2
[2018/03/31 19:57:11 CST] [INFO] (aliens/mmorpg/aoi.(*tower).init:17) tower init 3-3
[2018/03/31 19:57:11 CST] [INFO] (aliens/mmorpg/aoi.(*tower).init:17) tower init 4-0
[2018/03/31 19:57:11 CST] [INFO] (aliens/mmorpg/aoi.(*tower).init:17) tower init 4-1
[2018/03/31 19:57:11 CST] [INFO] (aliens/mmorpg/aoi.(*tower).init:17) tower init 4-2
[2018/03/31 19:57:11 CST] [INFO] (aliens/mmorpg/aoi.(*tower).init:17) tower init 4-3
[2018/03/31 19:57:15 CST] [DEBG] (aliens/config.LoadConfig:27) json init 0xc4200785a0
[2018/03/31 20:02:26 CST] [INFO] (aliens/mmorpg/aoi.(*tower).init:17) tower init 0-0
[2018/03/31 20:02:26 CST] [INFO] (aliens/mmorpg/aoi.(*tower).init:17) tower init 0-1
[2018/03/31 20:02:26 CST] [INFO] (aliens/mmorpg/aoi.(*tower).init:17) tower init 0-2
[2018/03/31 20:02:26 CST] [INFO] (aliens/mmorpg/aoi.(*tower).init:17) tower init 0-3
[2018/03/31 20:02:26 CST] [INFO] (aliens/mmorpg/aoi.(*tower).init:17) tower init 1-0
[2018/03/31 20:02:26 CST] [INFO] (aliens/mmorpg/aoi.(*tower).init:17) tower init 1-1
[2018/03/31 20:02:26 CST] [INFO] (aliens/mmorpg/aoi.(*tower).init:17) tower init 1-2
[2018/03/31 20:02:26 CST] [INFO] (aliens/mmorpg/aoi.(*tower).init:17) tower init 1-3
[2018/03/31 20:02:26 CST] [INFO] (aliens/mmorpg/aoi.(*tower).init:17) tower init 2-0
[2018/03/31 20:02:26 CST] [INFO] (aliens/mmorpg/aoi.(*tower).init:17) tower init 2-1
[2018/03/31 20:02:26 CST] [INFO] (aliens/mmorpg/aoi.(*tower).init:17) tower init 2-2
[2018/03/31 20:02:26 CST] [INFO] (aliens/mmorpg/aoi.(*tower).init:17) tower init 2-3
[2018/03/31 20:02:26 CST] [INFO] (aliens/mmorpg/aoi.(*tower).init:17) tower init 3-0
[2018/03/31 20:02:26 CST] [INFO] (aliens/mmorpg/aoi.(*tower).init:17) tower init 3-1
[2018/03/31 20:02:26 CST] [INFO] (aliens/mmorpg/aoi.(*tower).init:17) tower init 3-2
[2018/03/31 20:02:26 CST] [INFO] (aliens/mmorpg/aoi.(*tower).init:17) tower init 3-3
[2018/03/31 20:02:26 CST] [INFO] (aliens/mmorpg/aoi.(*tower).init:17) tower init 4-0
[2018/03/31 20:02:26 CST] [INFO] (aliens/mmorpg/aoi.(*tower).init:17) tower init 4-1
[2018/03/31 20:02:26 CST] [INFO] (aliens/mmorpg/aoi.(*tower).init:17) tower init 4-2
[2018/03/31 20:02:26 CST] [INFO] (aliens/mmorpg/aoi.(*tower).init:17) tower init 4-3
[2018/03/31 20:02:31 CST] [DEBG] (aliens/config.LoadConfig:27) json init 0xc420138080
[2018/03/31 20:06:33 CST] [INFO] (aliens/mmorpg/aoi.(*tower).init:17) tower init 0-0
[2018/03/31 20:06:33 CST] [INFO] (aliens/mmorpg/aoi.(*tower).init:17) tower init 0-1
[2018/03/31 20:06:33 CST] [INFO] (aliens/mmorpg/aoi.(*tower).init:17) tower init 0-2
[2018/03/31 20:06:33 CST] [INFO] (aliens/mmorpg/aoi.(*tower).init:17) tower init 0-3
[2018/03/31 20:06:33 CST] [INFO] (aliens/mmorpg/aoi.(*tower).init:17) tower init 1-0
[2018/03/31 20:06:33 CST] [INFO] (aliens/mmorpg/aoi.(*tower).init:17) tower init 1-1
[2018/03/31 20:06:33 CST] [INFO] (aliens/mmorpg/aoi.(*tower).init:17) tower init 1-2
[2018/03/31 20:06:33 CST] [INFO] (aliens/mmorpg/aoi.(*tower).init:17) tower init 1-3
[2018/03/31 20:06:33 CST] [INFO] (aliens/mmorpg/aoi.(*tower).init:17) tower init 2-0
[2018/03/31 20:06:33 CST] [INFO] (aliens/mmorpg/aoi.(*tower).init:17) tower init 2-1
[2018/03/31 20:06:33 CST] [INFO] (aliens/mmorpg/aoi.(*tower).init:17) tower init 2-2
[2018/03/31 20:06:33 CST] [INFO] (aliens/mmorpg/aoi.(*tower).init:17) tower init 2-3
[2018/03/31 20:06:33 CST] [INFO] (aliens/mmorpg/aoi.(*tower).init:17) tower init 3-0
[2018/03/31 20:06:33 CST] [INFO] (aliens/mmorpg/aoi.(*tower).init:17) tower init 3-1
[2018/03/31 20:06:33 CST] [INFO] (aliens/mmorpg/aoi.(*tower).init:17) tower init 3-2
[2018/03/31 20:06:33 CST] [INFO] (aliens/mmorpg/aoi.(*tower).init:17) tower init 3-3
[2018/03/31 20:06:33 CST] [INFO] (aliens/mmorpg/aoi.(*tower).init:17) tower init 4-0
[2018/03/31 20:06:33 CST] [INFO] (aliens/mmorpg/aoi.(*tower).init:17) tower init 4-1
[2018/03/31 20:06:33 CST] [INFO] (aliens/mmorpg/aoi.(*tower).init:17) tower init 4-2
[2018/03/31 20:06:33 CST] [INFO] (aliens/mmorpg/aoi.(*tower).init:17) tower init 4-3
[2018/03/31 20:06:36 CST] [DEBG] (aliens/config.LoadConfig:27) json init 0xc42055c050
[2018/03/31 20:07:17 CST] [DEBG] (aliens/config.LoadConfig:27) json init 0xc42000c080
[2018/03/31 20:07:21 CST] [DEBG] (aliens/config.LoadConfig:27) json init 0xc4200785a0
[2018/03/31 20:07:25 CST] [INFO] (aliens/mmorpg/aoi.(*tower).init:17) tower init 0-0
[2018/03/31 20:07:25 CST] [INFO] (aliens/mmorpg/aoi.(*tower).init:17) tower init 0-1
[2018/03/31 20:07:25 CST] [INFO] (aliens/mmorpg/aoi.(*tower).init:17) tower init 0-2
[2018/03/31 20:07:25 CST] [INFO] (aliens/mmorpg/aoi.(*tower).init:17) tower init 0-3
[2018/03/31 20:07:25 CST] [INFO] (aliens/mmorpg/aoi.(*tower).init:17) tower init 1-0
[2018/03/31 20:07:25 CST] [INFO] (aliens/mmorpg/aoi.(*tower).init:17) tower init 1-1
[2018/03/31 20:07:25 CST] [INFO] (aliens/mmorpg/aoi.(*tower).init:17) tower init 1-2
[2018/03/31 20:07:25 CST] [INFO] (aliens/mmorpg/aoi.(*tower).init:17) tower init 1-3
[2018/03/31 20:07:25 CST] [INFO] (aliens/mmorpg/aoi.(*tower).init:17) tower init 2-0
[2018/03/31 20:07:25 CST] [INFO] (aliens/mmorpg/aoi.(*tower).init:17) tower init 2-1
[2018/03/31 20:07:25 CST] [INFO] (aliens/mmorpg/aoi.(*tower).init:17) tower init 2-2
[2018/03/31 20:07:25 CST] [INFO] (aliens/mmorpg/aoi.(*tower).init:17) tower init 2-3
[2018/03/31 20:07:25 CST] [INFO] (aliens/mmorpg/aoi.(*tower).init:17) tower init 3-0
[2018/03/31 20:07:25 CST] [INFO] (aliens/mmorpg/aoi.(*tower).init:17) tower init 3-1
[2018/03/31 20:07:25 CST] [INFO] (aliens/mmorpg/aoi.(*tower).init:17) tower init 3-2
[2018/03/31 20:07:25 CST] [INFO] (aliens/mmorpg/aoi.(*tower).init:17) tower init 3-3
[2018/03/31 20:07:25 CST] [INFO] (aliens/mmorpg/aoi.(*tower).init:17) tower init 4-0
[2018/03/31 20:07:25 CST] [INFO] (aliens/mmorpg/aoi.(*tower).init:17) tower init 4-1
[2018/03/31 20:07:25 CST] [INFO] (aliens/mmorpg/aoi.(*tower).init:17) tower init 4-2
[2018/03/31 20:07:25 CST] [INFO] (aliens/mmorpg/aoi.(*tower).init:17) tower init 4-3
[2018/03/31 20:13:51 CST] [DEBG] (aliens/module/gate/internal.(*network).HandleMessage:43) invalid service
[2018/03/31 20:14:29 CST] [DEBG] (aliens/module/gate/internal.(*network).HandleMessage:43) invalid service
[2018/03/31 20:14:58 CST] [INFO] (aliens/mmorpg/aoi.(*tower).init:17) tower init 0-0
[2018/03/31 20:14:58 CST] [INFO] (aliens/mmorpg/aoi.(*tower).init:17) tower init 0-1
[2018/03/31 20:14:58 CST] [INFO] (aliens/mmorpg/aoi.(*tower).init:17) tower init 0-2
[2018/03/31 20:14:58 CST] [INFO] (aliens/mmorpg/aoi.(*tower).init:17) tower init 0-3
[2018/03/31 20:14:58 CST] [INFO] (aliens/mmorpg/aoi.(*tower).init:17) tower init 1-0
[2018/03/31 20:14:58 CST] [INFO] (aliens/mmorpg/aoi.(*tower).init:17) tower init 1-1
[2018/03/31 20:14:58 CST] [INFO] (aliens/mmorpg/aoi.(*tower).init:17) tower init 1-2
[2018/03/31 20:14:58 CST] [INFO] (aliens/mmorpg/aoi.(*tower).init:17) tower init 1-3
[2018/03/31 20:14:58 CST] [INFO] (aliens/mmorpg/aoi.(*tower).init:17) tower init 2-0
[2018/03/31 20:14:58 CST] [INFO] (aliens/mmorpg/aoi.(*tower).init:17) tower init 2-1
[2018/03/31 20:14:58 CST] [INFO] (aliens/mmorpg/aoi.(*tower).init:17) tower init 2-2
[2018/03/31 20:14:58 CST] [INFO] (aliens/mmorpg/aoi.(*tower).init:17) tower init 2-3
[2018/03/31 20:14:58 CST] [INFO] (aliens/mmorpg/aoi.(*tower).init:17) tower init 3-0
[2018/03/31 20:14:58 CST] [INFO] (aliens/mmorpg/aoi.(*tower).init:17) tower init 3-1
[2018/03/31 20:14:58 CST] [INFO] (aliens/mmorpg/aoi.(*tower).init:17) tower init 3-2
[2018/03/31 20:14:58 CST] [INFO] (aliens/mmorpg/aoi.(*tower).init:17) tower init 3-3
[2018/03/31 20:14:58 CST] [INFO] (aliens/mmorpg/aoi.(*tower).init:17) tower init 4-0
[2018/03/31 20:14:58 CST] [INFO] (aliens/mmorpg/aoi.(*tower).init:17) tower init 4-1
[2018/03/31 20:14:58 CST] [INFO] (aliens/mmorpg/aoi.(*tower).init:17) tower init 4-2
[2018/03/31 20:14:58 CST] [INFO] (aliens/mmorpg/aoi.(*tower).init:17) tower init 4-3
[2018/03/31 20:18:36 CST] [INFO] (aliens/mmorpg/aoi.(*tower).init:17) tower init 0-0
[2018/03/31 20:18:36 CST] [INFO] (aliens/mmorpg/aoi.(*tower).init:17) tower init 0-1
[2018/03/31 20:18:36 CST] [INFO] (aliens/mmorpg/aoi.(*tower).init:17) tower init 0-2
[2018/03/31 20:18:36 CST] [INFO] (aliens/mmorpg/aoi.(*tower).init:17) tower init 0-3
[2018/03/31 20:18:36 CST] [INFO] (aliens/mmorpg/aoi.(*tower).init:17) tower init 1-0
[2018/03/31 20:18:36 CST] [INFO] (aliens/mmorpg/aoi.(*tower).init:17) tower init 1-1
[2018/03/31 20:18:36 CST] [INFO] (aliens/mmorpg/aoi.(*tower).init:17) tower init 1-2
[2018/03/31 20:18:36 CST] [INFO] (aliens/mmorpg/aoi.(*tower).init:17) tower init 1-3
[2018/03/31 20:18:36 CST] [INFO] (aliens/mmorpg/aoi.(*tower).init:17) tower init 2-0
[2018/03/31 20:18:36 CST] [INFO] (aliens/mmorpg/aoi.(*tower).init:17) tower init 2-1
[2018/03/31 20:18:36 CST] [INFO] (aliens/mmorpg/aoi.(*tower).init:17) tower init 2-2
[2018/03/31 20:18:36 CST] [INFO] (aliens/mmorpg/aoi.(*tower).init:17) tower init 2-3
[2018/03/31 20:18:36 CST] [INFO] (aliens/mmorpg/aoi.(*tower).init:17) tower init 3-0
[2018/03/31 20:18:36 CST] [INFO] (aliens/mmorpg/aoi.(*tower).init:17) tower init 3-1
[2018/03/31 20:18:36 CST] [INFO] (aliens/mmorpg/aoi.(*tower).init:17) tower init 3-2
[2018/03/31 20:18:36 CST] [INFO] (aliens/mmorpg/aoi.(*tower).init:17) tower init 3-3
[2018/03/31 20:18:36 CST] [INFO] (aliens/mmorpg/aoi.(*tower).init:17) tower init 4-0
[2018/03/31 20:18:36 CST] [INFO] (aliens/mmorpg/aoi.(*tower).init:17) tower init 4-1
[2018/03/31 20:18:36 CST] [INFO] (aliens/mmorpg/aoi.(*tower).init:17) tower init 4-2
[2018/03/31 20:18:36 CST] [INFO] (aliens/mmorpg/aoi.(*tower).init:17) tower init 4-3
[2018/03/31 20:18:40 CST] [DEBG] (aliens/config.LoadConfig:27) json init 0xc4200785a0
